\BOOKMARK [1][-]{section.1}{Conceitue os termos dados e informa\347\343o, no que se refere a seu emprego em processamento de dados.}{}% 1
\BOOKMARK [1][-]{section.2}{Caracterize as etapas principais de um processamento de dados.}{}% 2
\BOOKMARK [1][-]{section.3}{Conceitue um sistema. Cite dois exemplos pr\341ticos de organiza\347\365es sist\352micas na vida real.}{}% 3
\BOOKMARK [1][-]{section.4}{Considerando a organiza\347\343o de sistemas de informa\347\343o definida no item 1.1.4, cite os n\355veis existentes e d\352 exemplos pr\341ticos de sistemas em cada um dos n\355veis relacionados.}{}% 4
\BOOKMARK [1][-]{section.5}{O que voc\352 entende por um programa de computador?}{}% 5
\BOOKMARK [1][-]{section.6}{Conceitue os termos hardware e software.}{}% 6
\BOOKMARK [1][-]{section.7}{O que \351 e para que serve uma linguagem de programa\347\343o de computador? Cite exemplos de linguagens de programa\347\343o.}{}% 7
\BOOKMARK [1][-]{section.8}{Quem desenvolveu a m\341quina anal\355tica?}{}% 8
\BOOKMARK [1][-]{section.9}{Qual foi a caracter\355stica marcante do censo de 1890 dos EUA, no que se refere \340 contabiliza\347\343o dos dados levantados?}{}% 9
\BOOKMARK [1][-]{section.10}{Qual foi o prop\363sito que conduziu ao desenvolvimento do primeiro computador eletr\364nico do mundo?}{}% 10
\BOOKMARK [1][-]{section.11}{Qual foi o primeiro microprocessador de 8 bits lan\347ado comercialmente? Qual o nome da empresa propriet\341ria?}{}% 11
\BOOKMARK [1][-]{section.12}{Quais eram as caracter\355sticas b\341sicas da arquitetura proposta pelo Dr. John von Neumann?}{}% 12
\BOOKMARK [1][-]{section.13}{Qual a import\342ncia do computador Altair para a evolu\347\343o da computa\347\343o comercial?}{}% 13
\BOOKMARK [1][-]{section.14}{O que voc\352 entende por sistema digital? Qual seria a alternativa na computa\347\343o se n\343o existissem m\341quinas digitais?}{}% 14
\BOOKMARK [1][-]{section.15}{O que conduziu o pensamento dos pesquisadores para desenvolver computadores que somente usam o sistema bin\341rio e n\343o, por exemplo, o sistema decimal?}{}% 15
\BOOKMARK [1][-]{section.16}{Cite empresas brasileiras que comercializam computadores com sua pr\363pria marca.}{}% 16
\BOOKMARK [1][-]{section.17}{Qual foi o primeiro equipamento utilizado no mundo para realizar c\341lculos matem\341ticos?}{}% 17
\BOOKMARK [1][-]{section.18}{Considerando o formato das instru\347\365es do processador IAS \(ver Fig. 1.12\), indique qual dever\341 ser a m\341xima quantidade de instru\347\343o que o IAS poderia ter.}{}% 18
\BOOKMARK [1][-]{section.19}{Uma das vers\365es do processador Pentium 111 possui endere\347os de 36 bits em vez do tradicional de 32 bits. Qual deveria ser a capacidade m\341xima de endere\347amento naqueles processadores?}{}% 19
\BOOKMARK [1][-]{section.20}{O ENIAC \351 usualmente conhecido como sendo o primeiro computador fabricado \(m\341quina eletr\364nica de processamento de dados\). No entanto, antes dele pelo menos dois outros cientistas desenvolveram equipamentos eletr\364nicos de computa\347\343o, embora sem terem tido o devido cr\351dito. Quais foram os cientistas e suas m\341quinas maravilhosas?}{}% 20
\BOOKMARK [1][-]{section.21}{Qual foi a primeira linguagem de programa\347\343o de alto n\355vel desenvolvida? Qual seu objetivo principal?}{}% 21
\BOOKMARK [1][-]{section.22}{Pense em algumas vantagens globais obtidas pelo uso de m\341quinas para realizar processamento de dados em substitui\347\343o ao ser humano.}{}% 22
